# JRE version: OpenJDK Runtime Environment Microsoft-11369940 (21.0.7+6) (build 21.0.7+6-LTS)
# Java VM: OpenJDK 64-Bit Server VM Microsoft-11369940 (21.0.7+6-LTS, mixed mode, sharing, tiered, compressed oops, compressed class ptrs, g1 gc, windows-amd64)
GC Precious Log:
 CardTable entry size: 512
 Card Set container configuration: InlinePtr #cards 5 size 8 Array Of Cards #cards 12 size 40 Howl #buckets 4 coarsen threshold 1843 Howl Bitmap #cards 512 size 80 coarsen threshold 460 Card regions per heap region 1 cards per card region 2048
 CPUs: 4 total, 4 available
 Memory: 12167M
 Large Page Support: Disabled
 NUMA Support: Disabled
 Compressed Oops: Enabled (32-bit)
 Heap Region Size: 1M
 Heap Min Capacity: 256M
 Heap Initial Capacity: 256M
 Heap Max Capacity: 512M
 Pre-touch: Disabled
 Parallel Workers: 4
 Concurrent Workers: 1
 Concurrent Refinement Workers: 4
 Periodic GC: Disabled
Heap:
 garbage-first heap   total 262144K, used 113418K [0x00000000e0000000, 0x0000000100000000)
  region size 1024K, 90 young (92160K), 10 survivors (10240K)
 Metaspace       used 44017K, committed 45632K, reserved 393216K
  class space    used 6235K, committed 7040K, reserved 327680K
GC Heap History (10 events):
Event: 3.113 GC heap before
{Heap before GC invocations=0 (full 0):
 garbage-first heap   total 262144K, used 12288K [0x00000000e0000000, 0x0000000100000000)
  region size 1024K, 13 young (13312K), 0 survivors (0K)
 Metaspace       used 827K, committed 960K, reserved 393216K
  class space    used 68K, committed 128K, reserved 327680K
}
Event: 3.893 GC heap after
{Heap after GC invocations=1 (full 0):
 garbage-first heap   total 262144K, used 1280K [0x00000000e0000000, 0x0000000100000000)
  region size 1024K, 2 young (2048K), 2 survivors (2048K)
 Metaspace       used 827K, committed 960K, reserved 393216K
  class space    used 68K, committed 128K, reserved 327680K
}
Event: 6.082 GC heap before
{Heap before GC invocations=1 (full 0):
 garbage-first heap   total 262144K, used 22784K [0x00000000e0000000, 0x0000000100000000)
  region size 1024K, 21 young (21504K), 2 survivors (2048K)
 Metaspace       used 1790K, committed 1920K, reserved 393216K
  class space    used 156K, committed 256K, reserved 327680K
}
Event: 6.089 GC heap after
{Heap after GC invocations=2 (full 0):
 garbage-first heap   total 262144K, used 9623K [0x00000000e0000000, 0x0000000100000000)
  region size 1024K, 3 young (3072K), 3 survivors (3072K)
 Metaspace       used 1790K, committed 1920K, reserved 393216K
  class space    used 156K, committed 256K, reserved 327680K
}
Event: 32.108 GC heap before
{Heap before GC invocations=2 (full 0):
 garbage-first heap   total 262144K, used 164247K [0x00000000e0000000, 0x0000000100000000)
  region size 1024K, 153 young (156672K), 3 survivors (3072K)
 Metaspace       used 18573K, committed 19136K, reserved 393216K
  class space    used 2582K, committed 2816K, reserved 327680K
}
Event: 32.134 GC heap after
{Heap after GC invocations=3 (full 0):
 garbage-first heap   total 262144K, used 22169K [0x00000000e0000000, 0x0000000100000000)
  region size 1024K, 15 young (15360K), 15 survivors (15360K)
 Metaspace       used 18573K, committed 19136K, reserved 393216K
  class space    used 2582K, committed 2816K, reserved 327680K
}
Event: 36.282 GC heap before
{Heap before GC invocations=3 (full 0):
 garbage-first heap   total 262144K, used 42649K [0x00000000e0000000, 0x0000000100000000)
  region size 1024K, 36 young (36864K), 15 survivors (15360K)
 Metaspace       used 20895K, committed 21504K, reserved 393216K
  class space    used 2989K, committed 3264K, reserved 327680K
}
Event: 36.305 GC heap after
{Heap after GC invocations=4 (full 0):
 garbage-first heap   total 262144K, used 24436K [0x00000000e0000000, 0x0000000100000000)
  region size 1024K, 2 young (2048K), 2 survivors (2048K)
 Metaspace       used 20895K, committed 21504K, reserved 393216K
  class space    used 2989K, committed 3264K, reserved 327680K
}
Event: 86.318 GC heap before
{Heap before GC invocations=5 (full 0):
 garbage-first heap   total 262144K, used 137076K [0x00000000e0000000, 0x0000000100000000)
  region size 1024K, 109 young (111616K), 2 survivors (2048K)
 Metaspace       used 35067K, committed 36096K, reserved 393216K
  class space    used 4795K, committed 5312K, reserved 327680K
}
Event: 86.333 GC heap after
{Heap after GC invocations=6 (full 0):
 garbage-first heap   total 262144K, used 32522K [0x00000000e0000000, 0x0000000100000000)
  region size 1024K, 10 young (10240K), 10 survivors (10240K)
 Metaspace       used 35067K, committed 36096K, reserved 393216K
  class space    used 4795K, committed 5312K, reserved 327680K
}

