# JRE version: OpenJDK Runtime Environment Microsoft-11369940 (21.0.7+6) (build 21.0.7+6-LTS)
# Java VM: OpenJDK 64-Bit Server VM Microsoft-11369940 (21.0.7+6-LTS, mixed mode, sharing, tiered, compressed oops, compressed class ptrs, g1 gc, windows-amd64)
GC Precious Log:
 CardTable entry size: 512
 Card Set container configuration: InlinePtr #cards 5 size 8 Array Of Cards #cards 12 size 40 Howl #buckets 4 coarsen threshold 1843 Howl Bitmap #cards 512 size 80 coarsen threshold 460 Card regions per heap region 1 cards per card region 2048
 CPUs: 4 total, 4 available
 Memory: 3975M
 Large Page Support: Disabled
 NUMA Support: Disabled
 Compressed Oops: Enabled (32-bit)
 Heap Region Size: 1M
 Heap Min Capacity: 256M
 Heap Initial Capacity: 256M
 Heap Max Capacity: 512M
 Pre-touch: Disabled
 Parallel Workers: 4
 Concurrent Workers: 1
 Concurrent Refinement Workers: 4
 Periodic GC: Disabled
Heap:
 garbage-first heap   total 262144K, used 64429K [0x00000000e0000000, 0x0000000100000000)
  region size 1024K, 4 young (4096K), 1 survivors (1024K)
 Metaspace       used 63234K, committed 64896K, reserved 393216K
  class space    used 8511K, committed 9536K, reserved 327680K
GC Heap History (20 events):
Event: 21996.814 GC heap before
{Heap before GC invocations=58 (full 0):
 garbage-first heap   total 262144K, used 68980K [0x00000000e0000000, 0x0000000100000000)
  region size 1024K, 21 young (21504K), 2 survivors (2048K)
 Metaspace       used 58364K, committed 60416K, reserved 393216K
  class space    used 8256K, committed 9280K, reserved 327680K
}
Event: 21996.894 GC heap after
{Heap after GC invocations=59 (full 0):
 garbage-first heap   total 262144K, used 52267K [0x00000000e0000000, 0x0000000100000000)
  region size 1024K, 3 young (3072K), 3 survivors (3072K)
 Metaspace       used 58364K, committed 60416K, reserved 393216K
  class space    used 8256K, committed 9280K, reserved 327680K
}
Event: 22004.868 GC heap before
{Heap before GC invocations=60 (full 0):
 garbage-first heap   total 262144K, used 61483K [0x00000000e0000000, 0x0000000100000000)
  region size 1024K, 12 young (12288K), 3 survivors (3072K)
 Metaspace       used 57345K, committed 60992K, reserved 393216K
  class space    used 8016K, committed 9408K, reserved 327680K
}
Event: 22004.882 GC heap after
{Heap after GC invocations=61 (full 0):
 garbage-first heap   total 262144K, used 52815K [0x00000000e0000000, 0x0000000100000000)
  region size 1024K, 1 young (1024K), 1 survivors (1024K)
 Metaspace       used 57345K, committed 60992K, reserved 393216K
  class space    used 8016K, committed 9408K, reserved 327680K
}
Event: 22134.163 GC heap before
{Heap before GC invocations=61 (full 0):
 garbage-first heap   total 262144K, used 106063K [0x00000000e0000000, 0x0000000100000000)
  region size 1024K, 54 young (55296K), 1 survivors (1024K)
 Metaspace       used 60222K, committed 62016K, reserved 393216K
  class space    used 8308K, committed 9408K, reserved 327680K
}
Event: 22138.626 GC heap after
{Heap after GC invocations=62 (full 0):
 garbage-first heap   total 262144K, used 56421K [0x00000000e0000000, 0x0000000100000000)
  region size 1024K, 5 young (5120K), 5 survivors (5120K)
 Metaspace       used 60222K, committed 62016K, reserved 393216K
  class space    used 8308K, committed 9408K, reserved 327680K
}
Event: 22143.765 GC heap before
{Heap before GC invocations=62 (full 0):
 garbage-first heap   total 262144K, used 63589K [0x00000000e0000000, 0x0000000100000000)
  region size 1024K, 12 young (12288K), 5 survivors (5120K)
 Metaspace       used 60329K, committed 62144K, reserved 393216K
  class space    used 8313K, committed 9408K, reserved 327680K
}
Event: 22143.924 GC heap after
{Heap after GC invocations=63 (full 0):
 garbage-first heap   total 262144K, used 55598K [0x00000000e0000000, 0x0000000100000000)
  region size 1024K, 1 young (1024K), 1 survivors (1024K)
 Metaspace       used 60329K, committed 62144K, reserved 393216K
  class space    used 8313K, committed 9408K, reserved 327680K
}
Event: 22172.649 GC heap before
{Heap before GC invocations=63 (full 0):
 garbage-first heap   total 262144K, used 65838K [0x00000000e0000000, 0x0000000100000000)
  region size 1024K, 12 young (12288K), 1 survivors (1024K)
 Metaspace       used 62374K, committed 64128K, reserved 393216K
  class space    used 8515K, committed 9536K, reserved 327680K
}
Event: 22173.354 GC heap after
{Heap after GC invocations=64 (full 0):
 garbage-first heap   total 262144K, used 56638K [0x00000000e0000000, 0x0000000100000000)
  region size 1024K, 2 young (2048K), 2 survivors (2048K)
 Metaspace       used 62374K, committed 64128K, reserved 393216K
  class space    used 8515K, committed 9536K, reserved 327680K
}
Event: 22278.207 GC heap before
{Heap before GC invocations=64 (full 0):
 garbage-first heap   total 262144K, used 103742K [0x00000000e0000000, 0x0000000100000000)
  region size 1024K, 48 young (49152K), 2 survivors (2048K)
 Metaspace       used 62747K, committed 64512K, reserved 393216K
  class space    used 8532K, committed 9536K, reserved 327680K
}
Event: 22302.133 GC heap after
{Heap after GC invocations=65 (full 0):
 garbage-first heap   total 262144K, used 58161K [0x00000000e0000000, 0x0000000100000000)
  region size 1024K, 4 young (4096K), 4 survivors (4096K)
 Metaspace       used 62747K, committed 64512K, reserved 393216K
  class space    used 8532K, committed 9536K, reserved 327680K
}
Event: 22337.358 GC heap before
{Heap before GC invocations=65 (full 0):
 garbage-first heap   total 262144K, used 66353K [0x00000000e0000000, 0x0000000100000000)
  region size 1024K, 12 young (12288K), 4 survivors (4096K)
 Metaspace       used 62640K, committed 64576K, reserved 393216K
  class space    used 8496K, committed 9536K, reserved 327680K
}
Event: 22337.456 GC heap after
{Heap after GC invocations=66 (full 0):
 garbage-first heap   total 262144K, used 59918K [0x00000000e0000000, 0x0000000100000000)
  region size 1024K, 2 young (2048K), 2 survivors (2048K)
 Metaspace       used 62640K, committed 64576K, reserved 393216K
  class space    used 8496K, committed 9536K, reserved 327680K
}
Event: 22348.395 GC heap before
{Heap before GC invocations=67 (full 0):
 garbage-first heap   total 262144K, used 69134K [0x00000000e0000000, 0x0000000100000000)
  region size 1024K, 12 young (12288K), 2 survivors (2048K)
 Metaspace       used 62907K, committed 64640K, reserved 393216K
  class space    used 8499K, committed 9536K, reserved 327680K
}
Event: 22348.411 GC heap after
{Heap after GC invocations=68 (full 0):
 garbage-first heap   total 262144K, used 61602K [0x00000000e0000000, 0x0000000100000000)
  region size 1024K, 2 young (2048K), 2 survivors (2048K)
 Metaspace       used 62907K, committed 64640K, reserved 393216K
  class space    used 8499K, committed 9536K, reserved 327680K
}
Event: 22376.520 GC heap before
{Heap before GC invocations=68 (full 0):
 garbage-first heap   total 262144K, used 71842K [0x00000000e0000000, 0x0000000100000000)
  region size 1024K, 12 young (12288K), 2 survivors (2048K)
 Metaspace       used 63016K, committed 64704K, reserved 393216K
  class space    used 8502K, committed 9536K, reserved 327680K
}
Event: 22376.532 GC heap after
{Heap after GC invocations=69 (full 0):
 garbage-first heap   total 262144K, used 62294K [0x00000000e0000000, 0x0000000100000000)
  region size 1024K, 2 young (2048K), 2 survivors (2048K)
 Metaspace       used 63016K, committed 64704K, reserved 393216K
  class space    used 8502K, committed 9536K, reserved 327680K
}
Event: 22378.015 GC heap before
{Heap before GC invocations=69 (full 0):
 garbage-first heap   total 262144K, used 72534K [0x00000000e0000000, 0x0000000100000000)
  region size 1024K, 12 young (12288K), 2 survivors (2048K)
 Metaspace       used 63169K, committed 64832K, reserved 393216K
  class space    used 8504K, committed 9536K, reserved 327680K
}
Event: 22378.028 GC heap after
{Heap after GC invocations=70 (full 0):
 garbage-first heap   total 262144K, used 62381K [0x00000000e0000000, 0x0000000100000000)
  region size 1024K, 1 young (1024K), 1 survivors (1024K)
 Metaspace       used 63169K, committed 64832K, reserved 393216K
  class space    used 8504K, committed 9536K, reserved 327680K
}

