# JRE version: OpenJDK Runtime Environment Microsoft-11369940 (21.0.7+6) (build 21.0.7+6-LTS)
# Java VM: OpenJDK 64-Bit Server VM Microsoft-11369940 (21.0.7+6-LTS, mixed mode, emulated-client, sharing, tiered, compressed oops, compressed class ptrs, g1 gc, windows-amd64)
GC Precious Log:
 CardTable entry size: 512
 Card Set container configuration: InlinePtr #cards 5 size 8 Array Of Cards #cards 12 size 40 Howl #buckets 4 coarsen threshold 1843 Howl Bitmap #cards 512 size 80 coarsen threshold 460 Card regions per heap region 1 cards per card region 2048
 CPUs: 4 total, 4 available
 Memory: 3975M
 Large Page Support: Disabled
 NUMA Support: Disabled
 Compressed Oops: Enabled (32-bit)
 Heap Region Size: 1M
 Heap Min Capacity: 8M
 Heap Initial Capacity: 64M
 Heap Max Capacity: 994M
 Pre-touch: Disabled
 Parallel Workers: 4
 Concurrent Workers: 1
 Concurrent Refinement Workers: 4
 Periodic GC: Disabled
Heap:
 garbage-first heap   total 124928K, used 58311K [0x00000000c1e00000, 0x0000000100000000)
  region size 1024K, 2 young (2048K), 2 survivors (2048K)
 Metaspace       used 79575K, committed 80384K, reserved 1179648K
  class space    used 11445K, committed 11840K, reserved 1048576K
GC Heap History (20 events):
Event: 471.112 GC heap after
{Heap after GC invocations=27 (full 0):
 garbage-first heap   total 103424K, used 40221K [0x00000000c1e00000, 0x0000000100000000)
  region size 1024K, 4 young (4096K), 4 survivors (4096K)
 Metaspace       used 71233K, committed 72000K, reserved 1114112K
  class space    used 10017K, committed 10368K, reserved 1048576K
}
Event: 472.340 GC heap before
{Heap before GC invocations=27 (full 0):
 garbage-first heap   total 103424K, used 41245K [0x00000000c1e00000, 0x0000000100000000)
  region size 1024K, 5 young (5120K), 4 survivors (4096K)
 Metaspace       used 71559K, committed 72256K, reserved 1114112K
  class space    used 10072K, committed 10368K, reserved 1048576K
}
Event: 472.495 GC heap after
{Heap after GC invocations=28 (full 0):
 garbage-first heap   total 103424K, used 40707K [0x00000000c1e00000, 0x0000000100000000)
  region size 1024K, 1 young (1024K), 1 survivors (1024K)
 Metaspace       used 71559K, committed 72256K, reserved 1114112K
  class space    used 10072K, committed 10368K, reserved 1048576K
}
Event: 718.035 GC heap before
{Heap before GC invocations=28 (full 0):
 garbage-first heap   total 103424K, used 73475K [0x00000000c1e00000, 0x0000000100000000)
  region size 1024K, 34 young (34816K), 1 survivors (1024K)
 Metaspace       used 77047K, committed 77888K, reserved 1179648K
  class space    used 10930K, committed 11328K, reserved 1048576K
}
Event: 718.725 GC heap after
{Heap after GC invocations=29 (full 0):
 garbage-first heap   total 103424K, used 43238K [0x00000000c1e00000, 0x0000000100000000)
  region size 1024K, 3 young (3072K), 3 survivors (3072K)
 Metaspace       used 77047K, committed 77888K, reserved 1179648K
  class space    used 10930K, committed 11328K, reserved 1048576K
}
Event: 724.204 GC heap before
{Heap before GC invocations=29 (full 0):
 garbage-first heap   total 103424K, used 45286K [0x00000000c1e00000, 0x0000000100000000)
  region size 1024K, 5 young (5120K), 3 survivors (3072K)
 Metaspace       used 77531K, committed 78400K, reserved 1179648K
  class space    used 11034K, committed 11456K, reserved 1048576K
}
Event: 724.241 GC heap after
{Heap after GC invocations=30 (full 0):
 garbage-first heap   total 103424K, used 43874K [0x00000000c1e00000, 0x0000000100000000)
  region size 1024K, 1 young (1024K), 1 survivors (1024K)
 Metaspace       used 77531K, committed 78400K, reserved 1179648K
  class space    used 11034K, committed 11456K, reserved 1048576K
}
Event: 728.744 GC heap before
{Heap before GC invocations=30 (full 0):
 garbage-first heap   total 103424K, used 67426K [0x00000000c1e00000, 0x0000000100000000)
  region size 1024K, 25 young (25600K), 1 survivors (1024K)
 Metaspace       used 77854K, committed 78656K, reserved 1179648K
  class space    used 11080K, committed 11456K, reserved 1048576K
}
Event: 728.756 GC heap after
{Heap after GC invocations=31 (full 0):
 garbage-first heap   total 103424K, used 46873K [0x00000000c1e00000, 0x0000000100000000)
  region size 1024K, 4 young (4096K), 4 survivors (4096K)
 Metaspace       used 77854K, committed 78656K, reserved 1179648K
  class space    used 11080K, committed 11456K, reserved 1048576K
}
Event: 729.018 GC heap before
{Heap before GC invocations=31 (full 0):
 garbage-first heap   total 103424K, used 47897K [0x00000000c1e00000, 0x0000000100000000)
  region size 1024K, 5 young (5120K), 4 survivors (4096K)
 Metaspace       used 77854K, committed 78656K, reserved 1179648K
  class space    used 11080K, committed 11456K, reserved 1048576K
}
Event: 729.103 GC heap after
{Heap after GC invocations=32 (full 0):
 garbage-first heap   total 103424K, used 47519K [0x00000000c1e00000, 0x0000000100000000)
  region size 1024K, 1 young (1024K), 1 survivors (1024K)
 Metaspace       used 77854K, committed 78656K, reserved 1179648K
  class space    used 11080K, committed 11456K, reserved 1048576K
}
Event: 750.239 GC heap before
{Heap before GC invocations=32 (full 0):
 garbage-first heap   total 103424K, used 69023K [0x00000000c1e00000, 0x0000000100000000)
  region size 1024K, 23 young (23552K), 1 survivors (1024K)
 Metaspace       used 79574K, committed 80384K, reserved 1179648K
  class space    used 11445K, committed 11840K, reserved 1048576K
}
Event: 750.838 GC heap after
{Heap after GC invocations=33 (full 0):
 garbage-first heap   total 124928K, used 51331K [0x00000000c1e00000, 0x0000000100000000)
  region size 1024K, 3 young (3072K), 3 survivors (3072K)
 Metaspace       used 79574K, committed 80384K, reserved 1179648K
  class space    used 11445K, committed 11840K, reserved 1048576K
}
Event: 750.945 GC heap before
{Heap before GC invocations=33 (full 0):
 garbage-first heap   total 124928K, used 54403K [0x00000000c1e00000, 0x0000000100000000)
  region size 1024K, 6 young (6144K), 3 survivors (3072K)
 Metaspace       used 79574K, committed 80384K, reserved 1179648K
  class space    used 11445K, committed 11840K, reserved 1048576K
}
Event: 751.269 GC heap after
{Heap after GC invocations=34 (full 0):
 garbage-first heap   total 124928K, used 52980K [0x00000000c1e00000, 0x0000000100000000)
  region size 1024K, 1 young (1024K), 1 survivors (1024K)
 Metaspace       used 79574K, committed 80384K, reserved 1179648K
  class space    used 11445K, committed 11840K, reserved 1048576K
}
Event: 751.465 GC heap before
{Heap before GC invocations=34 (full 0):
 garbage-first heap   total 124928K, used 58100K [0x00000000c1e00000, 0x0000000100000000)
  region size 1024K, 6 young (6144K), 1 survivors (1024K)
 Metaspace       used 79574K, committed 80384K, reserved 1179648K
  class space    used 11445K, committed 11840K, reserved 1048576K
}
Event: 752.445 GC heap after
{Heap after GC invocations=35 (full 0):
 garbage-first heap   total 124928K, used 53950K [0x00000000c1e00000, 0x0000000100000000)
  region size 1024K, 1 young (1024K), 1 survivors (1024K)
 Metaspace       used 79574K, committed 80384K, reserved 1179648K
  class space    used 11445K, committed 11840K, reserved 1048576K
}
Event: 752.988 GC heap before
{Heap before GC invocations=35 (full 0):
 garbage-first heap   total 124928K, used 62142K [0x00000000c1e00000, 0x0000000100000000)
  region size 1024K, 9 young (9216K), 1 survivors (1024K)
 Metaspace       used 79575K, committed 80384K, reserved 1179648K
  class space    used 11445K, committed 11840K, reserved 1048576K
}
Event: 753.006 GC heap after
{Heap after GC invocations=36 (full 0):
 garbage-first heap   total 124928K, used 55367K [0x00000000c1e00000, 0x0000000100000000)
  region size 1024K, 2 young (2048K), 2 survivors (2048K)
 Metaspace       used 79575K, committed 80384K, reserved 1179648K
  class space    used 11445K, committed 11840K, reserved 1048576K
}
Event: 753.139 GC heap before
{Heap before GC invocations=36 (full 0):
 garbage-first heap   total 124928K, used 64583K [0x00000000c1e00000, 0x0000000100000000)
  region size 1024K, 11 young (11264K), 2 survivors (2048K)
 Metaspace       used 79575K, committed 80384K, reserved 1179648K
  class space    used 11445K, committed 11840K, reserved 1048576K
}

